<?xml version="1.0" encoding="UTF-8"?>
<coverage generated="1755100608300" clover="3.2.0">
  <project timestamp="1755100608300" name="All files">
    <metrics statements="52" coveredstatements="52" conditionals="12" coveredconditionals="11" methods="20" coveredmethods="20" elements="84" coveredelements="83" complexity="0" loc="52" ncloc="52" packages="2" files="7" classes="7"/>
    <package name="src">
      <metrics statements="20" coveredstatements="20" conditionals="2" coveredconditionals="2" methods="7" coveredmethods="7"/>
      <file name="App.jsx" path="/Users/andrewhenry/Desktop/Career_Foundry/meet/src/App.jsx">
        <metrics statements="13" coveredstatements="13" conditionals="2" coveredconditionals="2" methods="4" coveredmethods="4"/>
        <line num="10" count="11" type="stmt"/>
        <line num="11" count="11" type="stmt"/>
        <line num="12" count="11" type="stmt"/>
        <line num="13" count="11" type="stmt"/>
        <line num="15" count="11" type="stmt"/>
        <line num="16" count="7" type="stmt"/>
        <line num="17" count="7" type="cond" truecount="2" falsecount="0"/>
        <line num="19" count="33" type="stmt"/>
        <line num="20" count="7" type="stmt"/>
        <line num="21" count="7" type="stmt"/>
        <line num="24" count="11" type="stmt"/>
        <line num="25" count="7" type="stmt"/>
        <line num="28" count="11" type="stmt"/>
      </file>
      <file name="api.js" path="/Users/andrewhenry/Desktop/Career_Foundry/meet/src/api.js">
        <metrics statements="6" coveredstatements="6" conditionals="0" coveredconditionals="0" methods="3" coveredmethods="3"/>
        <line num="3" count="4" type="stmt"/>
        <line num="4" count="330" type="stmt"/>
        <line num="5" count="10" type="stmt"/>
        <line num="6" count="10" type="stmt"/>
        <line num="9" count="4" type="stmt"/>
        <line num="10" count="20" type="stmt"/>
      </file>
      <file name="mock-data.js" path="/Users/andrewhenry/Desktop/Career_Foundry/meet/src/mock-data.js">
        <metrics statements="1" coveredstatements="1" conditionals="0" coveredconditionals="0" methods="0" coveredmethods="0"/>
        <line num="1" count="4" type="stmt"/>
      </file>
    </package>
    <package name="src.components">
      <metrics statements="32" coveredstatements="32" conditionals="10" coveredconditionals="9" methods="13" coveredmethods="13"/>
      <file name="CitySearch.jsx" path="/Users/andrewhenry/Desktop/Career_Foundry/meet/src/components/CitySearch.jsx">
        <metrics statements="20" coveredstatements="20" conditionals="4" coveredconditionals="3" methods="7" coveredmethods="7"/>
        <line num="3" count="3" type="stmt"/>
        <line num="4" count="55" type="stmt"/>
        <line num="5" count="55" type="stmt"/>
        <line num="6" count="55" type="stmt"/>
        <line num="8" count="55" type="stmt"/>
        <line num="9" count="18" type="stmt"/>
        <line num="10" count="18" type="cond" truecount="1" falsecount="1"/>
        <line num="12" count="36" type="stmt"/>
        <line num="16" count="18" type="stmt"/>
        <line num="17" count="18" type="stmt"/>
        <line num="20" count="55" type="stmt"/>
        <line num="21" count="2" type="stmt"/>
        <line num="22" count="2" type="stmt"/>
        <line num="23" count="2" type="stmt"/>
        <line num="24" count="2" type="stmt"/>
        <line num="27" count="55" type="stmt"/>
        <line num="28" count="17" type="stmt"/>
        <line num="31" count="55" type="stmt"/>
        <line num="39" count="5" type="stmt"/>
        <line num="45" count="26" type="stmt"/>
      </file>
      <file name="Event.jsx" path="/Users/andrewhenry/Desktop/Career_Foundry/meet/src/components/Event.jsx">
        <metrics statements="5" coveredstatements="5" conditionals="4" coveredconditionals="4" methods="2" coveredmethods="2"/>
        <line num="3" count="4" type="stmt"/>
        <line num="4" count="187" type="stmt"/>
        <line num="6" count="187" type="stmt"/>
        <line num="8" count="187" type="stmt"/>
        <line num="15" count="2" type="stmt"/>
      </file>
      <file name="EventList.jsx" path="/Users/andrewhenry/Desktop/Career_Foundry/meet/src/components/EventList.jsx">
        <metrics statements="3" coveredstatements="3" conditionals="2" coveredconditionals="2" methods="2" coveredmethods="2"/>
        <line num="4" count="3" type="stmt"/>
        <line num="5" count="13" type="stmt"/>
        <line num="8" count="177" type="stmt"/>
      </file>
      <file name="NumberOfEvents.jsx" path="/Users/andrewhenry/Desktop/Career_Foundry/meet/src/components/NumberOfEvents.jsx">
        <metrics statements="4" coveredstatements="4" conditionals="0" coveredconditionals="0" methods="2" coveredmethods="2"/>
        <line num="3" count="4" type="stmt"/>
        <line num="4" count="18" type="stmt"/>
        <line num="6" count="18" type="stmt"/>
        <line num="12" count="4" type="stmt"/>
      </file>
    </package>
  </project>
</coverage>
