{"/Users/andrewhenry/Desktop/Career_Foundry/meet/src/App.jsx": {"path":"/Users/andrewhenry/Desktop/Career_Foundry/meet/src/App.jsx","statementMap":{"0":{"start":{"line":10,"column":29},"end":{"line":10,"column":41}},"1":{"start":{"line":11,"column":37},"end":{"line":11,"column":49}},"2":{"start":{"line":12,"column":41},"end":{"line":12,"column":53}},"3":{"start":{"line":13,"column":39},"end":{"line":13,"column":65}},"4":{"start":{"line":15,"column":19},"end":{"line":22,"column":2}},"5":{"start":{"line":16,"column":20},"end":{"line":16,"column":37}},"6":{"start":{"line":17,"column":25},"end":{"line":19,"column":62}},"7":{"start":{"line":19,"column":31},"end":{"line":19,"column":61}},"8":{"start":{"line":20,"column":2},"end":{"line":20,"column":49}},"9":{"start":{"line":21,"column":2},"end":{"line":21,"column":47}},"10":{"start":{"line":24,"column":1},"end":{"line":26,"column":19}},"11":{"start":{"line":25,"column":2},"end":{"line":25,"column":14}},"12":{"start":{"line":28,"column":1},"end":{"line":34,"column":5}}},"fnMap":{"0":{"name":"App","decl":{"start":{"line":9,"column":9},"end":{"line":9,"column":12}},"loc":{"start":{"line":9,"column":15},"end":{"line":35,"column":1}},"line":9},"1":{"name":"(anonymous_1)","decl":{"start":{"line":15,"column":19},"end":{"line":15,"column":20}},"loc":{"start":{"line":15,"column":31},"end":{"line":22,"column":2}},"line":15},"2":{"name":"(anonymous_2)","decl":{"start":{"line":19,"column":22},"end":{"line":19,"column":23}},"loc":{"start":{"line":19,"column":31},"end":{"line":19,"column":61}},"line":19},"3":{"name":"(anonymous_3)","decl":{"start":{"line":24,"column":11},"end":{"line":24,"column":12}},"loc":{"start":{"line":24,"column":17},"end":{"line":26,"column":2}},"line":24}},"branchMap":{"0":{"loc":{"start":{"line":17,"column":25},"end":{"line":19,"column":62}},"type":"cond-expr","locations":[{"start":{"line":18,"column":5},"end":{"line":18,"column":14}},{"start":{"line":19,"column":5},"end":{"line":19,"column":62}}],"line":17}},"s":{"0":11,"1":11,"2":11,"3":11,"4":11,"5":7,"6":7,"7":33,"8":7,"9":7,"10":11,"11":7,"12":11},"f":{"0":11,"1":7,"2":33,"3":7},"b":{"0":[6,1]},"_coverageSchema":"1a1c01bbd47fc00a2c39e90264f33305004495a9","hash":"2c45e7725decf43999264121c196b04d7ff32240"}
,"/Users/andrewhenry/Desktop/Career_Foundry/meet/src/api.js": {"path":"/Users/andrewhenry/Desktop/Career_Foundry/meet/src/api.js","statementMap":{"0":{"start":{"line":3,"column":32},"end":{"line":7,"column":1}},"1":{"start":{"line":4,"column":31},"end":{"line":4,"column":68}},"2":{"start":{"line":4,"column":53},"end":{"line":4,"column":67}},"3":{"start":{"line":5,"column":22},"end":{"line":5,"column":54}},"4":{"start":{"line":6,"column":4},"end":{"line":6,"column":21}},"5":{"start":{"line":9,"column":25},"end":{"line":11,"column":1}},"6":{"start":{"line":10,"column":4},"end":{"line":10,"column":20}}},"fnMap":{"0":{"name":"(anonymous_0)","decl":{"start":{"line":3,"column":32},"end":{"line":3,"column":33}},"loc":{"start":{"line":3,"column":44},"end":{"line":7,"column":1}},"line":3},"1":{"name":"(anonymous_1)","decl":{"start":{"line":4,"column":42},"end":{"line":4,"column":43}},"loc":{"start":{"line":4,"column":53},"end":{"line":4,"column":67}},"line":4},"2":{"name":"(anonymous_2)","decl":{"start":{"line":9,"column":25},"end":{"line":9,"column":26}},"loc":{"start":{"line":9,"column":37},"end":{"line":11,"column":1}},"line":9}},"branchMap":{},"s":{"0":4,"1":10,"2":330,"3":10,"4":10,"5":4,"6":20},"f":{"0":10,"1":330,"2":20},"b":{},"_coverageSchema":"1a1c01bbd47fc00a2c39e90264f33305004495a9","hash":"ce5ecf1d82de38909f8a297671adf9939f3855e8"}
,"/Users/andrewhenry/Desktop/Career_Foundry/meet/src/mock-data.js": {"path":"/Users/andrewhenry/Desktop/Career_Foundry/meet/src/mock-data.js","statementMap":{"0":{"start":{"line":1,"column":17},"end":{"line":1289,"column":1}}},"fnMap":{},"branchMap":{},"s":{"0":4},"f":{},"b":{},"_coverageSchema":"1a1c01bbd47fc00a2c39e90264f33305004495a9","hash":"8986469eaeb7bd0c0361a67edd92340063d1309d"}
,"/Users/andrewhenry/Desktop/Career_Foundry/meet/src/components/CitySearch.jsx": {"path":"/Users/andrewhenry/Desktop/Career_Foundry/meet/src/components/CitySearch.jsx","statementMap":{"0":{"start":{"line":3,"column":19},"end":{"line":55,"column":1}},"1":{"start":{"line":4,"column":50},"end":{"line":4,"column":65}},"2":{"start":{"line":5,"column":30},"end":{"line":5,"column":42}},"3":{"start":{"line":6,"column":42},"end":{"line":6,"column":54}},"4":{"start":{"line":8,"column":30},"end":{"line":18,"column":5}},"5":{"start":{"line":9,"column":22},"end":{"line":9,"column":40}},"6":{"start":{"line":10,"column":34},"end":{"line":14,"column":12}},"7":{"start":{"line":12,"column":12},"end":{"line":12,"column":76}},"8":{"start":{"line":16,"column":8},"end":{"line":16,"column":24}},"9":{"start":{"line":17,"column":8},"end":{"line":17,"column":42}},"10":{"start":{"line":20,"column":31},"end":{"line":25,"column":5}},"11":{"start":{"line":21,"column":22},"end":{"line":21,"column":46}},"12":{"start":{"line":22,"column":8},"end":{"line":22,"column":24}},"13":{"start":{"line":23,"column":8},"end":{"line":23,"column":34}},"14":{"start":{"line":24,"column":8},"end":{"line":24,"column":30}},"15":{"start":{"line":27,"column":4},"end":{"line":29,"column":23}},"16":{"start":{"line":28,"column":8},"end":{"line":28,"column":37}},"17":{"start":{"line":31,"column":4},"end":{"line":54,"column":6}},"18":{"start":{"line":39,"column":31},"end":{"line":39,"column":55}},"19":{"start":{"line":45,"column":24},"end":{"line":45,"column":97}}},"fnMap":{"0":{"name":"(anonymous_0)","decl":{"start":{"line":3,"column":19},"end":{"line":3,"column":20}},"loc":{"start":{"line":3,"column":57},"end":{"line":55,"column":1}},"line":3},"1":{"name":"(anonymous_1)","decl":{"start":{"line":8,"column":30},"end":{"line":8,"column":31}},"loc":{"start":{"line":8,"column":41},"end":{"line":18,"column":5}},"line":8},"2":{"name":"(anonymous_2)","decl":{"start":{"line":11,"column":30},"end":{"line":11,"column":31}},"loc":{"start":{"line":11,"column":44},"end":{"line":13,"column":9}},"line":11},"3":{"name":"(anonymous_3)","decl":{"start":{"line":20,"column":31},"end":{"line":20,"column":32}},"loc":{"start":{"line":20,"column":42},"end":{"line":25,"column":5}},"line":20},"4":{"name":"(anonymous_4)","decl":{"start":{"line":27,"column":14},"end":{"line":27,"column":15}},"loc":{"start":{"line":27,"column":20},"end":{"line":29,"column":5}},"line":27},"5":{"name":"(anonymous_5)","decl":{"start":{"line":39,"column":25},"end":{"line":39,"column":26}},"loc":{"start":{"line":39,"column":31},"end":{"line":39,"column":55}},"line":39},"6":{"name":"(anonymous_6)","decl":{"start":{"line":44,"column":37},"end":{"line":44,"column":38}},"loc":{"start":{"line":44,"column":53},"end":{"line":46,"column":21}},"line":44}},"branchMap":{"0":{"loc":{"start":{"line":10,"column":34},"end":{"line":14,"column":12}},"type":"cond-expr","locations":[{"start":{"line":11,"column":10},"end":{"line":13,"column":10}},{"start":{"line":14,"column":10},"end":{"line":14,"column":12}}],"line":10},"1":{"loc":{"start":{"line":42,"column":13},"end":{"line":51,"column":22}},"type":"cond-expr","locations":[{"start":{"line":43,"column":18},"end":{"line":50,"column":21}},{"start":{"line":51,"column":18},"end":{"line":51,"column":22}}],"line":42}},"s":{"0":3,"1":55,"2":55,"3":55,"4":55,"5":18,"6":18,"7":36,"8":18,"9":18,"10":55,"11":2,"12":2,"13":2,"14":2,"15":55,"16":17,"17":55,"18":5,"19":26},"f":{"0":55,"1":18,"2":36,"3":2,"4":17,"5":5,"6":26},"b":{"0":[18,0],"1":[23,32]},"_coverageSchema":"1a1c01bbd47fc00a2c39e90264f33305004495a9","hash":"9936c7738749c81e51b8a2707aa0490db79bedc1"}
,"/Users/andrewhenry/Desktop/Career_Foundry/meet/src/components/Event.jsx": {"path":"/Users/andrewhenry/Desktop/Career_Foundry/meet/src/components/Event.jsx","statementMap":{"0":{"start":{"line":3,"column":14},"end":{"line":27,"column":1}},"1":{"start":{"line":4,"column":42},"end":{"line":4,"column":57}},"2":{"start":{"line":6,"column":43},"end":{"line":6,"column":48}},"3":{"start":{"line":8,"column":4},"end":{"line":26,"column":6}},"4":{"start":{"line":15,"column":31},"end":{"line":15,"column":59}}},"fnMap":{"0":{"name":"(anonymous_0)","decl":{"start":{"line":3,"column":14},"end":{"line":3,"column":15}},"loc":{"start":{"line":3,"column":29},"end":{"line":27,"column":1}},"line":3},"1":{"name":"(anonymous_1)","decl":{"start":{"line":15,"column":25},"end":{"line":15,"column":26}},"loc":{"start":{"line":15,"column":31},"end":{"line":15,"column":59}},"line":15}},"branchMap":{"0":{"loc":{"start":{"line":17,"column":17},"end":{"line":17,"column":62}},"type":"cond-expr","locations":[{"start":{"line":17,"column":31},"end":{"line":17,"column":45}},{"start":{"line":17,"column":48},"end":{"line":17,"column":62}}],"line":17},"1":{"loc":{"start":{"line":19,"column":13},"end":{"line":23,"column":22}},"type":"cond-expr","locations":[{"start":{"line":20,"column":18},"end":{"line":22,"column":22}},{"start":{"line":23,"column":18},"end":{"line":23,"column":22}}],"line":19}},"s":{"0":4,"1":187,"2":187,"3":187,"4":2},"f":{"0":187,"1":2},"b":{"0":[2,185],"1":[2,185]},"_coverageSchema":"1a1c01bbd47fc00a2c39e90264f33305004495a9","hash":"507881d4184ae14f1e0aac71455e2c594ca70129"}
,"/Users/andrewhenry/Desktop/Career_Foundry/meet/src/components/EventList.jsx": {"path":"/Users/andrewhenry/Desktop/Career_Foundry/meet/src/components/EventList.jsx","statementMap":{"0":{"start":{"line":4,"column":19},"end":{"line":13,"column":1}},"1":{"start":{"line":5,"column":4},"end":{"line":12,"column":6}},"2":{"start":{"line":8,"column":38},"end":{"line":8,"column":76}}},"fnMap":{"0":{"name":"(anonymous_0)","decl":{"start":{"line":4,"column":19},"end":{"line":4,"column":20}},"loc":{"start":{"line":4,"column":35},"end":{"line":13,"column":1}},"line":4},"1":{"name":"(anonymous_1)","decl":{"start":{"line":8,"column":29},"end":{"line":8,"column":30}},"loc":{"start":{"line":8,"column":38},"end":{"line":8,"column":76}},"line":8}},"branchMap":{"0":{"loc":{"start":{"line":7,"column":14},"end":{"line":9,"column":22}},"type":"cond-expr","locations":[{"start":{"line":8,"column":18},"end":{"line":8,"column":77}},{"start":{"line":9,"column":18},"end":{"line":9,"column":22}}],"line":7}},"s":{"0":3,"1":13,"2":177},"f":{"0":13,"1":177},"b":{"0":[12,1]},"_coverageSchema":"1a1c01bbd47fc00a2c39e90264f33305004495a9","hash":"eccfb08edbc5c52e7ac9ae4ea5650adc502ee75f"}
,"/Users/andrewhenry/Desktop/Career_Foundry/meet/src/components/NumberOfEvents.jsx": {"path":"/Users/andrewhenry/Desktop/Career_Foundry/meet/src/components/NumberOfEvents.jsx","statementMap":{"0":{"start":{"line":3,"column":23},"end":{"line":16,"column":1}},"1":{"start":{"line":4,"column":40},"end":{"line":4,"column":54}},"2":{"start":{"line":6,"column":4},"end":{"line":15,"column":6}},"3":{"start":{"line":12,"column":33},"end":{"line":12,"column":62}}},"fnMap":{"0":{"name":"(anonymous_0)","decl":{"start":{"line":3,"column":23},"end":{"line":3,"column":24}},"loc":{"start":{"line":3,"column":29},"end":{"line":16,"column":1}},"line":3},"1":{"name":"(anonymous_1)","decl":{"start":{"line":12,"column":26},"end":{"line":12,"column":27}},"loc":{"start":{"line":12,"column":33},"end":{"line":12,"column":62}},"line":12}},"branchMap":{},"s":{"0":4,"1":18,"2":18,"3":4},"f":{"0":18,"1":4},"b":{},"_coverageSchema":"1a1c01bbd47fc00a2c39e90264f33305004495a9","hash":"32430db43aaf5d7d1d40a1347520670b51ced77c"}
}
