{"/Users/andrewhenry/Desktop/Career_Foundry/meet/src/App.jsx": {"path":"/Users/andrewhenry/Desktop/Career_Foundry/meet/src/App.jsx","statementMap":{"0":{"start":{"line":9,"column":1},"end":{"line":15,"column":5}}},"fnMap":{"0":{"name":"App","decl":{"start":{"line":7,"column":9},"end":{"line":7,"column":12}},"loc":{"start":{"line":7,"column":15},"end":{"line":16,"column":1}},"line":7}},"branchMap":{},"s":{"0":3},"f":{"0":3},"b":{},"_coverageSchema":"1a1c01bbd47fc00a2c39e90264f33305004495a9","hash":"a881e3d662a0fe5328039e4849d9885ad6e7584a"}
,"/Users/andrewhenry/Desktop/Career_Foundry/meet/src/api.js": {"path":"/Users/andrewhenry/Desktop/Career_Foundry/meet/src/api.js","statementMap":{"0":{"start":{"line":3,"column":32},"end":{"line":7,"column":1}},"1":{"start":{"line":4,"column":31},"end":{"line":4,"column":68}},"2":{"start":{"line":4,"column":53},"end":{"line":4,"column":67}},"3":{"start":{"line":5,"column":22},"end":{"line":5,"column":54}},"4":{"start":{"line":6,"column":4},"end":{"line":6,"column":21}},"5":{"start":{"line":9,"column":25},"end":{"line":11,"column":1}},"6":{"start":{"line":10,"column":4},"end":{"line":10,"column":20}}},"fnMap":{"0":{"name":"(anonymous_0)","decl":{"start":{"line":3,"column":32},"end":{"line":3,"column":33}},"loc":{"start":{"line":3,"column":44},"end":{"line":7,"column":1}},"line":3},"1":{"name":"(anonymous_1)","decl":{"start":{"line":4,"column":42},"end":{"line":4,"column":43}},"loc":{"start":{"line":4,"column":53},"end":{"line":4,"column":67}},"line":4},"2":{"name":"(anonymous_2)","decl":{"start":{"line":9,"column":25},"end":{"line":9,"column":26}},"loc":{"start":{"line":9,"column":37},"end":{"line":11,"column":1}},"line":9}},"branchMap":{},"s":{"0":3,"1":2,"2":66,"3":2,"4":2,"5":3,"6":11},"f":{"0":2,"1":66,"2":11},"b":{},"_coverageSchema":"1a1c01bbd47fc00a2c39e90264f33305004495a9","hash":"ce5ecf1d82de38909f8a297671adf9939f3855e8"}
,"/Users/andrewhenry/Desktop/Career_Foundry/meet/src/mock-data.js": {"path":"/Users/andrewhenry/Desktop/Career_Foundry/meet/src/mock-data.js","statementMap":{"0":{"start":{"line":1,"column":17},"end":{"line":1289,"column":1}}},"fnMap":{},"branchMap":{},"s":{"0":4},"f":{},"b":{},"_coverageSchema":"1a1c01bbd47fc00a2c39e90264f33305004495a9","hash":"8986469eaeb7bd0c0361a67edd92340063d1309d"}
,"/Users/andrewhenry/Desktop/Career_Foundry/meet/src/components/CitySearch.jsx": {"path":"/Users/andrewhenry/Desktop/Career_Foundry/meet/src/components/CitySearch.jsx","statementMap":{"0":{"start":{"line":3,"column":19},"end":{"line":49,"column":1}},"1":{"start":{"line":4,"column":50},"end":{"line":4,"column":65}},"2":{"start":{"line":5,"column":30},"end":{"line":5,"column":42}},"3":{"start":{"line":6,"column":42},"end":{"line":6,"column":54}},"4":{"start":{"line":8,"column":30},"end":{"line":18,"column":5}},"5":{"start":{"line":9,"column":22},"end":{"line":9,"column":40}},"6":{"start":{"line":10,"column":34},"end":{"line":14,"column":12}},"7":{"start":{"line":12,"column":12},"end":{"line":12,"column":76}},"8":{"start":{"line":16,"column":8},"end":{"line":16,"column":24}},"9":{"start":{"line":17,"column":8},"end":{"line":17,"column":42}},"10":{"start":{"line":20,"column":31},"end":{"line":24,"column":5}},"11":{"start":{"line":21,"column":22},"end":{"line":21,"column":46}},"12":{"start":{"line":22,"column":8},"end":{"line":22,"column":24}},"13":{"start":{"line":23,"column":8},"end":{"line":23,"column":34}},"14":{"start":{"line":26,"column":4},"end":{"line":48,"column":6}},"15":{"start":{"line":33,"column":31},"end":{"line":33,"column":55}},"16":{"start":{"line":39,"column":24},"end":{"line":39,"column":97}}},"fnMap":{"0":{"name":"(anonymous_0)","decl":{"start":{"line":3,"column":19},"end":{"line":3,"column":20}},"loc":{"start":{"line":3,"column":41},"end":{"line":49,"column":1}},"line":3},"1":{"name":"(anonymous_1)","decl":{"start":{"line":8,"column":30},"end":{"line":8,"column":31}},"loc":{"start":{"line":8,"column":41},"end":{"line":18,"column":5}},"line":8},"2":{"name":"(anonymous_2)","decl":{"start":{"line":11,"column":30},"end":{"line":11,"column":31}},"loc":{"start":{"line":11,"column":44},"end":{"line":13,"column":9}},"line":11},"3":{"name":"(anonymous_3)","decl":{"start":{"line":20,"column":31},"end":{"line":20,"column":32}},"loc":{"start":{"line":20,"column":42},"end":{"line":24,"column":5}},"line":20},"4":{"name":"(anonymous_4)","decl":{"start":{"line":33,"column":25},"end":{"line":33,"column":26}},"loc":{"start":{"line":33,"column":31},"end":{"line":33,"column":55}},"line":33},"5":{"name":"(anonymous_5)","decl":{"start":{"line":38,"column":37},"end":{"line":38,"column":38}},"loc":{"start":{"line":38,"column":53},"end":{"line":40,"column":21}},"line":38}},"branchMap":{"0":{"loc":{"start":{"line":10,"column":34},"end":{"line":14,"column":12}},"type":"cond-expr","locations":[{"start":{"line":11,"column":10},"end":{"line":13,"column":10}},{"start":{"line":14,"column":10},"end":{"line":14,"column":12}}],"line":10},"1":{"loc":{"start":{"line":36,"column":13},"end":{"line":45,"column":22}},"type":"cond-expr","locations":[{"start":{"line":37,"column":18},"end":{"line":44,"column":21}},{"start":{"line":45,"column":18},"end":{"line":45,"column":22}}],"line":36}},"s":{"0":2,"1":26,"2":26,"3":26,"4":26,"5":12,"6":12,"7":24,"8":12,"9":12,"10":26,"11":1,"12":1,"13":1,"14":26,"15":3,"16":12},"f":{"0":26,"1":12,"2":24,"3":1,"4":3,"5":12},"b":{"0":[12,0],"1":[15,11]},"_coverageSchema":"1a1c01bbd47fc00a2c39e90264f33305004495a9","hash":"4038c5f9b9bea1b0b48a59bf38981a1fdccee3c0"}
,"/Users/andrewhenry/Desktop/Career_Foundry/meet/src/components/Event.jsx": {"path":"/Users/andrewhenry/Desktop/Career_Foundry/meet/src/components/Event.jsx","statementMap":{"0":{"start":{"line":3,"column":14},"end":{"line":27,"column":1}},"1":{"start":{"line":4,"column":42},"end":{"line":4,"column":57}},"2":{"start":{"line":6,"column":43},"end":{"line":6,"column":48}},"3":{"start":{"line":8,"column":4},"end":{"line":26,"column":6}},"4":{"start":{"line":15,"column":31},"end":{"line":15,"column":59}}},"fnMap":{"0":{"name":"(anonymous_0)","decl":{"start":{"line":3,"column":14},"end":{"line":3,"column":15}},"loc":{"start":{"line":3,"column":29},"end":{"line":27,"column":1}},"line":3},"1":{"name":"(anonymous_1)","decl":{"start":{"line":15,"column":25},"end":{"line":15,"column":26}},"loc":{"start":{"line":15,"column":31},"end":{"line":15,"column":59}},"line":15}},"branchMap":{"0":{"loc":{"start":{"line":17,"column":17},"end":{"line":17,"column":62}},"type":"cond-expr","locations":[{"start":{"line":17,"column":31},"end":{"line":17,"column":45}},{"start":{"line":17,"column":48},"end":{"line":17,"column":62}}],"line":17},"1":{"loc":{"start":{"line":19,"column":13},"end":{"line":23,"column":22}},"type":"cond-expr","locations":[{"start":{"line":20,"column":18},"end":{"line":22,"column":22}},{"start":{"line":23,"column":18},"end":{"line":23,"column":22}}],"line":19}},"s":{"0":3,"1":142,"2":142,"3":142,"4":2},"f":{"0":142,"1":2},"b":{"0":[2,140],"1":[2,140]},"_coverageSchema":"1a1c01bbd47fc00a2c39e90264f33305004495a9","hash":"507881d4184ae14f1e0aac71455e2c594ca70129"}
,"/Users/andrewhenry/Desktop/Career_Foundry/meet/src/components/EventList.jsx": {"path":"/Users/andrewhenry/Desktop/Career_Foundry/meet/src/components/EventList.jsx","statementMap":{"0":{"start":{"line":4,"column":19},"end":{"line":13,"column":1}},"1":{"start":{"line":5,"column":4},"end":{"line":12,"column":6}},"2":{"start":{"line":8,"column":38},"end":{"line":8,"column":76}}},"fnMap":{"0":{"name":"(anonymous_0)","decl":{"start":{"line":4,"column":19},"end":{"line":4,"column":20}},"loc":{"start":{"line":4,"column":35},"end":{"line":13,"column":1}},"line":4},"1":{"name":"(anonymous_1)","decl":{"start":{"line":8,"column":29},"end":{"line":8,"column":30}},"loc":{"start":{"line":8,"column":38},"end":{"line":8,"column":76}},"line":8}},"branchMap":{"0":{"loc":{"start":{"line":7,"column":14},"end":{"line":9,"column":22}},"type":"cond-expr","locations":[{"start":{"line":8,"column":18},"end":{"line":8,"column":77}},{"start":{"line":9,"column":18},"end":{"line":9,"column":22}}],"line":7}},"s":{"0":2,"1":5,"2":132},"f":{"0":5,"1":132},"b":{"0":[4,1]},"_coverageSchema":"1a1c01bbd47fc00a2c39e90264f33305004495a9","hash":"eccfb08edbc5c52e7ac9ae4ea5650adc502ee75f"}
,"/Users/andrewhenry/Desktop/Career_Foundry/meet/src/components/NumberOfEvents.jsx": {"path":"/Users/andrewhenry/Desktop/Career_Foundry/meet/src/components/NumberOfEvents.jsx","statementMap":{"0":{"start":{"line":3,"column":23},"end":{"line":16,"column":1}},"1":{"start":{"line":4,"column":40},"end":{"line":4,"column":54}},"2":{"start":{"line":6,"column":4},"end":{"line":15,"column":6}},"3":{"start":{"line":12,"column":33},"end":{"line":12,"column":62}}},"fnMap":{"0":{"name":"(anonymous_0)","decl":{"start":{"line":3,"column":23},"end":{"line":3,"column":24}},"loc":{"start":{"line":3,"column":29},"end":{"line":16,"column":1}},"line":3},"1":{"name":"(anonymous_1)","decl":{"start":{"line":12,"column":26},"end":{"line":12,"column":27}},"loc":{"start":{"line":12,"column":33},"end":{"line":12,"column":62}},"line":12}},"branchMap":{},"s":{"0":2,"1":10,"2":10,"3":4},"f":{"0":10,"1":4},"b":{},"_coverageSchema":"1a1c01bbd47fc00a2c39e90264f33305004495a9","hash":"32430db43aaf5d7d1d40a1347520670b51ced77c"}
}
