TN:
SF:src/App.jsx
FN:7,App
FNF:1
FNH:1
FNDA:3,App
DA:9,3
LF:1
LH:1
BRF:0
BRH:0
end_of_record
TN:
SF:src/api.js
FN:3,(anonymous_0)
FN:4,(anonymous_1)
FN:9,(anonymous_2)
FNF:3
FNH:3
FNDA:2,(anonymous_0)
FNDA:66,(anonymous_1)
FNDA:11,(anonymous_2)
DA:3,3
DA:4,66
DA:5,2
DA:6,2
DA:9,3
DA:10,11
LF:6
LH:6
BRF:0
BRH:0
end_of_record
TN:
SF:src/mock-data.js
FNF:0
FNH:0
DA:1,4
LF:1
LH:1
BRF:0
BRH:0
end_of_record
TN:
SF:src/components/CitySearch.jsx
FN:3,(anonymous_0)
FN:8,(anonymous_1)
FN:11,(anonymous_2)
FN:20,(anonymous_3)
FN:33,(anonymous_4)
FN:38,(anonymous_5)
FNF:6
FNH:6
FNDA:26,(anonymous_0)
FNDA:12,(anonymous_1)
FNDA:24,(anonymous_2)
FNDA:1,(anonymous_3)
FNDA:3,(anonymous_4)
FNDA:12,(anonymous_5)
DA:3,2
DA:4,26
DA:5,26
DA:6,26
DA:8,26
DA:9,12
DA:10,12
DA:12,24
DA:16,12
DA:17,12
DA:20,26
DA:21,1
DA:22,1
DA:23,1
DA:26,26
DA:33,3
DA:39,12
LF:17
LH:17
BRDA:10,0,0,12
BRDA:10,0,1,0
BRDA:36,1,0,15
BRDA:36,1,1,11
BRF:4
BRH:3
end_of_record
TN:
SF:src/components/Event.jsx
FN:3,(anonymous_0)
FN:15,(anonymous_1)
FNF:2
FNH:2
FNDA:142,(anonymous_0)
FNDA:2,(anonymous_1)
DA:3,3
DA:4,142
DA:6,142
DA:8,142
DA:15,2
LF:5
LH:5
BRDA:17,0,0,2
BRDA:17,0,1,140
BRDA:19,1,0,2
BRDA:19,1,1,140
BRF:4
BRH:4
end_of_record
TN:
SF:src/components/EventList.jsx
FN:4,(anonymous_0)
FN:8,(anonymous_1)
FNF:2
FNH:2
FNDA:5,(anonymous_0)
FNDA:132,(anonymous_1)
DA:4,2
DA:5,5
DA:8,132
LF:3
LH:3
BRDA:7,0,0,4
BRDA:7,0,1,1
BRF:2
BRH:2
end_of_record
TN:
SF:src/components/NumberOfEvents.jsx
FN:3,(anonymous_0)
FN:12,(anonymous_1)
FNF:2
FNH:2
FNDA:10,(anonymous_0)
FNDA:4,(anonymous_1)
DA:3,2
DA:4,10
DA:6,10
DA:12,4
LF:4
LH:4
BRF:0
BRH:0
end_of_record
