TN:
SF:src/App.jsx
FN:9,App
FN:15,(anonymous_1)
FN:19,(anonymous_2)
FN:24,(anonymous_3)
FNF:4
FNH:4
FNDA:11,App
FNDA:7,(anonymous_1)
FNDA:33,(anonymous_2)
FNDA:7,(anonymous_3)
DA:10,11
DA:11,11
DA:12,11
DA:13,11
DA:15,11
DA:16,7
DA:17,7
DA:19,33
DA:20,7
DA:21,7
DA:24,11
DA:25,7
DA:28,11
LF:13
LH:13
BRDA:17,0,0,6
BRDA:17,0,1,1
BRF:2
BRH:2
end_of_record
TN:
SF:src/api.js
FN:3,(anonymous_0)
FN:4,(anonymous_1)
FN:9,(anonymous_2)
FNF:3
FNH:3
FNDA:10,(anonymous_0)
FNDA:330,(anonymous_1)
FNDA:20,(anonymous_2)
DA:3,4
DA:4,330
DA:5,10
DA:6,10
DA:9,4
DA:10,20
LF:6
LH:6
BRF:0
BRH:0
end_of_record
TN:
SF:src/mock-data.js
FNF:0
FNH:0
DA:1,4
LF:1
LH:1
BRF:0
BRH:0
end_of_record
TN:
SF:src/components/CitySearch.jsx
FN:3,(anonymous_0)
FN:8,(anonymous_1)
FN:11,(anonymous_2)
FN:20,(anonymous_3)
FN:27,(anonymous_4)
FN:39,(anonymous_5)
FN:44,(anonymous_6)
FNF:7
FNH:7
FNDA:55,(anonymous_0)
FNDA:18,(anonymous_1)
FNDA:36,(anonymous_2)
FNDA:2,(anonymous_3)
FNDA:17,(anonymous_4)
FNDA:5,(anonymous_5)
FNDA:26,(anonymous_6)
DA:3,3
DA:4,55
DA:5,55
DA:6,55
DA:8,55
DA:9,18
DA:10,18
DA:12,36
DA:16,18
DA:17,18
DA:20,55
DA:21,2
DA:22,2
DA:23,2
DA:24,2
DA:27,55
DA:28,17
DA:31,55
DA:39,5
DA:45,26
LF:20
LH:20
BRDA:10,0,0,18
BRDA:10,0,1,0
BRDA:42,1,0,23
BRDA:42,1,1,32
BRF:4
BRH:3
end_of_record
TN:
SF:src/components/Event.jsx
FN:3,(anonymous_0)
FN:15,(anonymous_1)
FNF:2
FNH:2
FNDA:187,(anonymous_0)
FNDA:2,(anonymous_1)
DA:3,4
DA:4,187
DA:6,187
DA:8,187
DA:15,2
LF:5
LH:5
BRDA:17,0,0,2
BRDA:17,0,1,185
BRDA:19,1,0,2
BRDA:19,1,1,185
BRF:4
BRH:4
end_of_record
TN:
SF:src/components/EventList.jsx
FN:4,(anonymous_0)
FN:8,(anonymous_1)
FNF:2
FNH:2
FNDA:13,(anonymous_0)
FNDA:177,(anonymous_1)
DA:4,3
DA:5,13
DA:8,177
LF:3
LH:3
BRDA:7,0,0,12
BRDA:7,0,1,1
BRF:2
BRH:2
end_of_record
TN:
SF:src/components/NumberOfEvents.jsx
FN:3,(anonymous_0)
FN:12,(anonymous_1)
FNF:2
FNH:2
FNDA:18,(anonymous_0)
FNDA:4,(anonymous_1)
DA:3,4
DA:4,18
DA:6,18
DA:12,4
LF:4
LH:4
BRF:0
BRH:0
end_of_record
